Arguments: 
  /home/jonathan/.nvm/versions/node/v12.16.3/bin/node /usr/share/yarn/bin/yarn.js

PATH: 
  /home/jonathan/.deno/bin:/home/jonathan/Android/platform-tools:/home/jonathan/Android/tools/bin:/home/jonathan/Android/tools:/home/jonathan/.vscode-server/bin/17299e413d5590b14ab0340ea477cdd86ff13daf/bin:/home/jonathan/.deno/bin:/home/jonathan/.zinit/polaris/bin:/home/jonathan/Android/platform-tools:/home/jonathan/Android/tools/bin:/home/jonathan/Android/tools:/home/jonathan/.nvm/versions/node/v12.16.3/bin:/usr/local/sbin:/usr/local/bin:/usr/sbin:/usr/bin:/sbin:/bin:/usr/games:/usr/local/games:/mnt/c/Program Files (x86)/Razer Chroma SDK/bin:/mnt/c/Program Files/Razer Chroma SDK/bin:/mnt/c/Program Files (x86)/Razer/ChromaBroadcast/bin:/mnt/c/Program Files/Razer/ChromaBroadcast/bin:/mnt/c/Windows/system32:/mnt/c/Windows:/mnt/c/Windows/System32/Wbem:/mnt/c/Windows/System32/WindowsPowerShell/v1.0/:/mnt/c/Windows/System32/OpenSSH/:/mnt/c/Program Files/NVIDIA Corporation/NVIDIA NvDLISR:/mnt/c/Program Files (x86)/NVIDIA Corporation/PhysX/Common:/mnt/c/ProgramData/chocolatey/bin:/mnt/c/Windows/system32/config/systemprofile/AppData/Local/Microsoft/WindowsApps:/mnt/c/WINDOWS/system32:/mnt/c/WINDOWS:/mnt/c/WINDOWS/System32/Wbem:/mnt/c/WINDOWS/System32/WindowsPowerShell/v1.0/:/mnt/c/WINDOWS/System32/OpenSSH/:/mnt/c/Program Files/Docker/Docker/resources/bin:/mnt/c/ProgramData/DockerDesktop/version-bin:/mnt/c/Users/Jonathan/AppData/Local/Android/Sdk/platform-tools:/mnt/c/Users/Jonathan/AppData/Local/Android/Sdk/cmdline-tools/latest/bin:/mnt/c/Program Files/dotnet/:/mnt/c/WINDOWS/system32/config/systemprofile/AppData/Local/Microsoft/WindowsApps:/mnt/c/Users/Jonathan/AppData/Local/Microsoft/WindowsApps:/mnt/c/Users/Jonathan/AppData/Local/hyper/app-3.0.2/resources/bin:/mnt/d/Microsoft VS Code/bin:/usr/lib/jvm/java-8-openjdk-amd64/bin:/home/jonathan/.yarn/bin:/usr/lib/jvm/java-8-openjdk-amd64/bin:/home/jonathan/.yarn/bin

Yarn version: 
  1.22.4

Node version: 
  12.16.3

Platform: 
  linux x64

Trace: 
  Error: https://registry.yarnpkg.com/@monorepo%2feslint-config: Not found
      at Request.params.callback [as _callback] (/usr/share/yarn/lib/cli.js:66987:18)
      at Request.self.callback (/usr/share/yarn/lib/cli.js:140748:22)
      at Request.emit (events.js:310:20)
      at Request.<anonymous> (/usr/share/yarn/lib/cli.js:141720:10)
      at Request.emit (events.js:310:20)
      at IncomingMessage.<anonymous> (/usr/share/yarn/lib/cli.js:141642:12)
      at Object.onceWrapper (events.js:416:28)
      at IncomingMessage.emit (events.js:322:22)
      at endReadableNT (_stream_readable.js:1187:12)
      at processTicksAndRejections (internal/process/task_queues.js:84:21)

npm manifest: 
  {
    "name": "monorepo",
    "version": "1.0.0",
    "main": "index.js",
    "license": "MIT",
    "private": "true",
    "workspaces": {
      "packages": [
        "packages/*"
      ]
    },
    "devDependencies": {
      "typescript": "^3.9.7",
      "@monorepo/eslint-config": "*"
    }
  }

yarn manifest: 
  No manifest

Lockfile: 
  No lockfile
